#
# There is insufficient memory for the Java Runtime Environment to continue.
# Native memory allocation (malloc) failed to allocate 1048576 bytes for AllocateHeap
# Possible reasons:
#   The system is out of physical RAM or swap space
#   In 32 bit mode, the process size limit was hit
# Possible solutions:
#   Reduce memory load on the system
#   Increase physical memory or swap space
#   Check if swap backing store is full
#   Use 64 bit Java on a 64 bit OS
#   Decrease Java heap size (-Xmx/-Xms)
#   Decrease number of Java threads
#   Decrease Java thread stack sizes (-Xss)
#   Set larger code cache with -XX:ReservedCodeCacheSize=
# This output file may be truncated or incomplete.
#
#  Out of Memory Error (memory/allocation.inline.hpp:61), pid=10824, tid=0x0000000000001bb4
#
# JRE version:  (8.0_101-b13) (build )
# Java VM: Java HotSpot(TM) 64-Bit Server VM (25.101-b13 mixed mode windows-amd64 compressed oops)
# Failed to write core dump. Minidumps are not enabled by default on client versions of Windows
#

---------------  T H R E A D  ---------------

Current thread (0x0000000000c4e000):  JavaThread "Unknown thread" [_thread_in_vm, id=7092, stack(0x0000000002510000,0x0000000002610000)]

Stack: [0x0000000002510000,0x0000000002610000]
[error occurred during error reporting (printing stack bounds), id 0xc0000005]

Native frames: (J=compiled Java code, j=interpreted, Vv=VM code, C=native code)


---------------  P R O C E S S  ---------------

Java Threads: ( => current thread )

Other Threads:

=>0x0000000000c4e000 (exited) JavaThread "Unknown thread" [_thread_in_vm, id=7092, stack(0x0000000002510000,0x0000000002610000)]

VM state:not at safepoint (normal execution)

VM Mutex/Monitor currently owned by a thread: None

Heap:
 PSYoungGen      total 38400K, used 665K [0x00000000eab00000, 0x00000000ed580000, 0x0000000100000000)
  eden space 33280K, 2% used [0x00000000eab00000,0x00000000eaba6670,0x00000000ecb80000)
  from space 5120K, 0% used [0x00000000ed080000,0x00000000ed080000,0x00000000ed580000)
  to   space 5120K, 0% used [0x00000000ecb80000,0x00000000ecb80000,0x00000000ed080000)
 ParOldGen       total 87552K, used 0K [0x00000000c0000000, 0x00000000c5580000, 0x00000000eab00000)
  object space 87552K, 0% used [0x00000000c0000000,0x00000000c0000000,0x00000000c5580000)
 Metaspace       used 769K, capacity 4480K, committed 4480K, reserved 1056768K
  class space    used 75K, capacity 384K, committed 384K, reserved 1048576K

Card table byte_map: [0x0000000011ad0000,0x0000000011ce0000] byte_map_base: 0x00000000114d0000

Marking Bits: (ParMarkBitMap*) 0x0000000066c5a6d0
 Begin Bits: [0x0000000012240000, 0x0000000013240000)
 End Bits:   [0x0000000013240000, 0x0000000014240000)

Polling page: 0x0000000000a10000

CodeCache: size=245760Kb used=328Kb max_used=328Kb free=245431Kb
 bounds [0x0000000002710000, 0x0000000002980000, 0x0000000011710000]
 total_blobs=58 nmethods=0 adapters=38
 compilation: enabled

Compilation events (0 events):
No events

GC Heap History (0 events):
No events

Deoptimization events (0 events):
No events

Internal exceptions (0 events):
No events

Events (10 events):
Event: 0.058 loading class java/lang/Short
Event: 0.058 loading class java/lang/Short done
Event: 0.058 loading class java/lang/Integer
Event: 0.059 loading class java/lang/Integer done
Event: 0.059 loading class java/lang/Long
Event: 0.059 loading class java/lang/Long done
Event: 0.062 loading class java/lang/NullPointerException
Event: 0.062 loading class java/lang/NullPointerException done
Event: 0.062 loading class java/lang/ArithmeticException
Event: 0.062 loading class java/lang/ArithmeticException done


Dynamic libraries:
0x00007ff6a6a80000 - 0x00007ff6a6ab7000 	C:\Program Files\Java\jdk1.8.0_101\bin\java.exe
0x00007ffa077e0000 - 0x00007ffa079b1000 	C:\WINDOWS\SYSTEM32\ntdll.dll
0x00007ffa04f00000 - 0x00007ffa04fab000 	C:\WINDOWS\System32\KERNEL32.DLL
0x00007ffa03e80000 - 0x00007ffa0409d000 	C:\WINDOWS\System32\KERNELBASE.dll
0x00007ffa050e0000 - 0x00007ffa05182000 	C:\WINDOWS\System32\ADVAPI32.dll
0x00007ffa07170000 - 0x00007ffa0720e000 	C:\WINDOWS\System32\msvcrt.dll
0x00007ffa05080000 - 0x00007ffa050d9000 	C:\WINDOWS\System32\sechost.dll
0x00007ffa04dd0000 - 0x00007ffa04ef1000 	C:\WINDOWS\System32\RPCRT4.dll
0x00007ffa05610000 - 0x00007ffa05775000 	C:\WINDOWS\System32\USER32.dll
0x00007ffa040a0000 - 0x00007ffa040be000 	C:\WINDOWS\System32\win32u.dll
0x00007ffa05190000 - 0x00007ffa051c4000 	C:\WINDOWS\System32\GDI32.dll
0x00007ffa04be0000 - 0x00007ffa04d62000 	C:\WINDOWS\System32\gdi32full.dll
0x00007ff9f8f80000 - 0x00007ff9f91fa000 	C:\WINDOWS\WinSxS\amd64_microsoft.windows.common-controls_6595b64144ccf1df_6.0.14393.351_none_4213128bc687e6d3\COMCTL32.dll
0x00007ffa06e90000 - 0x00007ffa07157000 	C:\WINDOWS\System32\combase.dll
0x00007ffa04360000 - 0x00007ffa04455000 	C:\WINDOWS\System32\ucrtbase.dll
0x00007ffa042f0000 - 0x00007ffa0435a000 	C:\WINDOWS\System32\bcryptPrimitives.dll
0x00007ffa057f0000 - 0x00007ffa0581e000 	C:\WINDOWS\System32\IMM32.DLL
0x0000000066ce0000 - 0x0000000066db2000 	C:\Program Files\Java\jdk1.8.0_101\jre\bin\msvcr100.dll
0x0000000066440000 - 0x0000000066cda000 	C:\Program Files\Java\jdk1.8.0_101\jre\bin\server\jvm.dll
0x00007ffa07160000 - 0x00007ffa07168000 	C:\WINDOWS\System32\PSAPI.DLL
0x00007ff9e8ed0000 - 0x00007ff9e8ed9000 	C:\WINDOWS\SYSTEM32\WSOCK32.dll
0x00007ffa07510000 - 0x00007ffa0757a000 	C:\WINDOWS\System32\WS2_32.dll
0x00007ffa02040000 - 0x00007ffa02063000 	C:\WINDOWS\SYSTEM32\WINMM.dll
0x00007ffa02cf0000 - 0x00007ffa02cfa000 	C:\WINDOWS\SYSTEM32\VERSION.dll
0x00007ffa02010000 - 0x00007ffa0203b000 	C:\WINDOWS\SYSTEM32\WINMMBASE.dll
0x00007ffa03cd0000 - 0x00007ffa03d12000 	C:\WINDOWS\System32\cfgmgr32.dll
0x0000000066430000 - 0x000000006643f000 	C:\Program Files\Java\jdk1.8.0_101\jre\bin\verify.dll
0x0000000066400000 - 0x0000000066429000 	C:\Program Files\Java\jdk1.8.0_101\jre\bin\java.dll
0x00000000663e0000 - 0x00000000663f6000 	C:\Program Files\Java\jdk1.8.0_101\jre\bin\zip.dll

VM Arguments:
jvm_args: -Djava.awt.headless=true -Xmx1024M -Dfile.encoding=windows-1255 -Duser.country=US -Duser.language=en -Duser.variant 
java_command: com.android.dx.command.Main --dex --force-jumbo --num-threads=4 --multi-dex --output C:\Users\User\AndroidStudioProjects\Ex7Client\app\build\intermediates\transforms\dex\debug\folders\1000\10\internal_impl-24.2.0_b3274dc1f3aa9079dd61eb8471e77ed4db598415 C:\Users\User\AndroidStudioProjects\Ex7Client\app\build\intermediates\exploded-aar\com.android.support\support-compat\24.2.0\jars\libs\internal_impl-24.2.0.jar
java_class_path (initial): C:\Users\User\AppData\Local\Android\sdk\build-tools\24.0.2\lib\dx.jar
Launcher Type: SUN_STANDARD

Environment Variables:
JAVA_HOME=C:\Program Files\Java\jdk1.8.0_65
USERNAME=User
OS=Windows_NT
PROCESSOR_IDENTIFIER=Intel64 Family 6 Model 61 Stepping 4, GenuineIntel



---------------  S Y S T E M  ---------------

OS: Windows 10.0 , 64 bit Build 14393 (10.0.14393.0)

CPU:total 4 (2 cores per cpu, 2 threads per core) family 6 model 61 stepping 4, cmov, cx8, fxsr, mmx, sse, sse2, sse3, ssse3, sse4.1, sse4.2, popcnt, avx, avx2, aes, clmul, erms, 3dnowpref, lzcnt, ht, tsc, tscinvbit, bmi1, bmi2, adx

Memory: 4k page, physical 8277080k(1410816k free), swap 8277080k(12204k free)

vm_info: Java HotSpot(TM) 64-Bit Server VM (25.101-b13) for windows-amd64 JRE (1.8.0_101-b13), built on Jun 22 2016 01:21:29 by "java_re" with MS VC++ 10.0 (VS2010)

time: Fri Nov 04 12:27:19 2016
elapsed time: 0 seconds (0d 0h 0m 0s)

