#
# There is insufficient memory for the Java Runtime Environment to continue.
# Native memory allocation (malloc) failed to allocate 537776 bytes for Chunk::new
# Possible reasons:
#   The system is out of physical RAM or swap space
#   In 32 bit mode, the process size limit was hit
# Possible solutions:
#   Reduce memory load on the system
#   Increase physical memory or swap space
#   Check if swap backing store is full
#   Use 64 bit Java on a 64 bit OS
#   Decrease Java heap size (-Xmx/-Xms)
#   Decrease number of Java threads
#   Decrease Java thread stack sizes (-Xss)
#   Set larger code cache with -XX:ReservedCodeCacheSize=
# This output file may be truncated or incomplete.
#
#  Out of Memory Error (allocation.cpp:390), pid=5056, tid=0x00000000000027a4
#
# JRE version: Java(TM) SE Runtime Environment (8.0_101-b13) (build 1.8.0_101-b13)
# Java VM: Java HotSpot(TM) 64-Bit Server VM (25.101-b13 mixed mode windows-amd64 compressed oops)
# Failed to write core dump. Minidumps are not enabled by default on client versions of Windows
#

---------------  T H R E A D  ---------------

Current thread (0x0000000016f3b800):  JavaThread "C2 CompilerThread1" daemon [_thread_in_native, id=10148, stack(0x00000000172f0000,0x00000000173f0000)]

Stack: [0x00000000172f0000,0x00000000173f0000]
[error occurred during error reporting (printing stack bounds), id 0xc0000005]

Native frames: (J=compiled Java code, j=interpreted, Vv=VM code, C=native code)


Current CompileTask:
C2:   2696 1427       4       com.android.dx.ssa.SCCP::simulateBranch (666 bytes)


---------------  P R O C E S S  ---------------

Java Threads: ( => current thread )
  0x00000000171bb000 JavaThread "pool-2-thread-4" [_thread_blocked, id=7720, stack(0x0000000017af0000,0x0000000017bf0000)]
  0x00000000171ba000 JavaThread "pool-2-thread-3" [_thread_in_Java, id=10640, stack(0x00000000179f0000,0x0000000017af0000)]
  0x00000000171b9000 JavaThread "pool-2-thread-2" [_thread_blocked, id=7480, stack(0x00000000178f0000,0x00000000179f0000)]
  0x0000000017209000 JavaThread "pool-3-thread-1" [_thread_blocked, id=10836, stack(0x00000000177f0000,0x00000000178f0000)]
  0x000000001720f000 JavaThread "pool-2-thread-1" [_thread_in_Java, id=8488, stack(0x00000000176f0000,0x00000000177f0000)]
  0x0000000016f44000 JavaThread "Service Thread" daemon [_thread_blocked, id=6860, stack(0x00000000174f0000,0x00000000175f0000)]
  0x0000000016f3e000 JavaThread "C1 CompilerThread2" daemon [_thread_blocked, id=5084, stack(0x00000000173f0000,0x00000000174f0000)]
=>0x0000000016f3b800 JavaThread "C2 CompilerThread1" daemon [_thread_in_native, id=10148, stack(0x00000000172f0000,0x00000000173f0000)]
  0x00000000157ba000 JavaThread "C2 CompilerThread0" daemon [_thread_in_native, id=668, stack(0x0000000016df0000,0x0000000016ef0000)]
  0x00000000157b7000 JavaThread "Attach Listener" daemon [_thread_blocked, id=2820, stack(0x0000000016cf0000,0x0000000016df0000)]
  0x00000000157b6000 JavaThread "Signal Dispatcher" daemon [_thread_blocked, id=10472, stack(0x0000000016bf0000,0x0000000016cf0000)]
  0x000000001579a800 JavaThread "Finalizer" daemon [_thread_blocked, id=5764, stack(0x0000000016a00000,0x0000000016b00000)]
  0x00000000030d0000 JavaThread "Reference Handler" daemon [_thread_blocked, id=10488, stack(0x0000000016900000,0x0000000016a00000)]
  0x0000000002e8e000 JavaThread "main" [_thread_blocked, id=10176, stack(0x0000000002ee0000,0x0000000002fe0000)]

Other Threads:
  0x0000000015778000 VMThread [stack: 0x0000000016800000,0x0000000016900000] [id=2936]
  0x0000000016f56000 WatcherThread [stack: 0x00000000175f0000,0x00000000176f0000] [id=10680]

VM state:not at safepoint (normal execution)

VM Mutex/Monitor currently owned by a thread: None

Heap:
 PSYoungGen      total 38400K, used 11096K [0x00000000eab00000, 0x00000000ed580000, 0x0000000100000000)
  eden space 33280K, 18% used [0x00000000eab00000,0x00000000eb0db6e8,0x00000000ecb80000)
  from space 5120K, 99% used [0x00000000ed080000,0x00000000ed57aab8,0x00000000ed580000)
  to   space 5120K, 0% used [0x00000000ecb80000,0x00000000ecb80000,0x00000000ed080000)
 ParOldGen       total 87552K, used 4731K [0x00000000c0000000, 0x00000000c5580000, 0x00000000eab00000)
  object space 87552K, 5% used [0x00000000c0000000,0x00000000c049eee8,0x00000000c5580000)
 Metaspace       used 6305K, capacity 7092K, committed 7296K, reserved 1056768K
  class space    used 607K, capacity 620K, committed 640K, reserved 1048576K

Card table byte_map: [0x00000000124a0000,0x00000000126b0000] byte_map_base: 0x0000000011ea0000

Marking Bits: (ParMarkBitMap*) 0x0000000066c5a6d0
 Begin Bits: [0x0000000012c10000, 0x0000000013c10000)
 End Bits:   [0x0000000013c10000, 0x0000000014c10000)

Polling page: 0x00000000016f0000

CodeCache: size=245760Kb used=6168Kb max_used=6168Kb free=239591Kb
 bounds [0x00000000030e0000, 0x00000000036f0000, 0x00000000120e0000]
 total_blobs=1821 nmethods=1552 adapters=182
 compilation: enabled

Compilation events (10 events):
Event: 2.689 Thread 0x0000000016f3e000 1552       1       com.android.dx.cf.direct.MethodListParser::getAttributeContext (2 bytes)
Event: 2.689 Thread 0x0000000016f3e000 nmethod 1552 0x00000000036e7750 code [0x00000000036e78a0, 0x00000000036e79b0]
Event: 2.689 Thread 0x0000000016f3e000 1553       1       com.android.dx.cf.attrib.AttSourceFile::byteLength (3 bytes)
Event: 2.689 Thread 0x0000000016f3e000 nmethod 1553 0x00000000036e7a10 code [0x00000000036e7b60, 0x00000000036e7c70]
Event: 2.689 Thread 0x0000000016f3e000 1554       2       java.util.concurrent.locks.LockSupport::setBlocker (12 bytes)
Event: 2.689 Thread 0x0000000016f3e000 nmethod 1554 0x00000000036e7cd0 code [0x00000000036e7e20, 0x00000000036e7f70]
Event: 2.689 Thread 0x0000000016f3e000 1556       2       java.util.concurrent.AbstractExecutorService::submit (25 bytes)
Event: 2.690 Thread 0x0000000016f3e000 nmethod 1556 0x00000000036e8390 code [0x00000000036e8520, 0x00000000036e8888]
Event: 2.690 Thread 0x0000000016f3e000 1558       2       java.util.concurrent.ThreadPoolExecutor::execute (132 bytes)
Event: 2.691 Thread 0x0000000016f3e000 nmethod 1558 0x00000000036e8a50 code [0x00000000036e8c20, 0x00000000036e9088]

GC Heap History (4 events):
Event: 2.235 GC heap before
{Heap before GC invocations=1 (full 0):
 PSYoungGen      total 38400K, used 33280K [0x00000000eab00000, 0x00000000ed580000, 0x0000000100000000)
  eden space 33280K, 100% used [0x00000000eab00000,0x00000000ecb80000,0x00000000ecb80000)
  from space 5120K, 0% used [0x00000000ed080000,0x00000000ed080000,0x00000000ed580000)
  to   space 5120K, 0% used [0x00000000ecb80000,0x00000000ecb80000,0x00000000ed080000)
 ParOldGen       total 87552K, used 0K [0x00000000c0000000, 0x00000000c5580000, 0x00000000eab00000)
  object space 87552K, 0% used [0x00000000c0000000,0x00000000c0000000,0x00000000c5580000)
 Metaspace       used 6030K, capacity 6900K, committed 7040K, reserved 1056768K
  class space    used 607K, capacity 620K, committed 640K, reserved 1048576K
Event: 2.246 GC heap after
Heap after GC invocations=1 (full 0):
 PSYoungGen      total 38400K, used 5092K [0x00000000eab00000, 0x00000000ed580000, 0x0000000100000000)
  eden space 33280K, 0% used [0x00000000eab00000,0x00000000eab00000,0x00000000ecb80000)
  from space 5120K, 99% used [0x00000000ecb80000,0x00000000ed079270,0x00000000ed080000)
  to   space 5120K, 0% used [0x00000000ed080000,0x00000000ed080000,0x00000000ed580000)
 ParOldGen       total 87552K, used 953K [0x00000000c0000000, 0x00000000c5580000, 0x00000000eab00000)
  object space 87552K, 1% used [0x00000000c0000000,0x00000000c00ee6d8,0x00000000c5580000)
 Metaspace       used 6030K, capacity 6900K, committed 7040K, reserved 1056768K
  class space    used 607K, capacity 620K, committed 640K, reserved 1048576K
}
Event: 2.622 GC heap before
{Heap before GC invocations=2 (full 0):
 PSYoungGen      total 38400K, used 38372K [0x00000000eab00000, 0x00000000ed580000, 0x0000000100000000)
  eden space 33280K, 100% used [0x00000000eab00000,0x00000000ecb80000,0x00000000ecb80000)
  from space 5120K, 99% used [0x00000000ecb80000,0x00000000ed079270,0x00000000ed080000)
  to   space 5120K, 0% used [0x00000000ed080000,0x00000000ed080000,0x00000000ed580000)
 ParOldGen       total 87552K, used 953K [0x00000000c0000000, 0x00000000c5580000, 0x00000000eab00000)
  object space 87552K, 1% used [0x00000000c0000000,0x00000000c00ee6d8,0x00000000c5580000)
 Metaspace       used 6279K, capacity 7092K, committed 7296K, reserved 1056768K
  class space    used 607K, capacity 620K, committed 640K, reserved 1048576K
Event: 2.638 GC heap after
Heap after GC invocations=2 (full 0):
 PSYoungGen      total 38400K, used 5098K [0x00000000eab00000, 0x00000000ed580000, 0x0000000100000000)
  eden space 33280K, 0% used [0x00000000eab00000,0x00000000eab00000,0x00000000ecb80000)
  from space 5120K, 99% used [0x00000000ed080000,0x00000000ed57aab8,0x00000000ed580000)
  to   space 5120K, 0% used [0x00000000ecb80000,0x00000000ecb80000,0x00000000ed080000)
 ParOldGen       total 87552K, used 4731K [0x00000000c0000000, 0x00000000c5580000, 0x00000000eab00000)
  object space 87552K, 5% used [0x00000000c0000000,0x00000000c049eee8,0x00000000c5580000)
 Metaspace       used 6279K, capacity 7092K, committed 7296K, reserved 1056768K
  class space    used 607K, capacity 620K, committed 640K, reserved 1048576K
}

Deoptimization events (10 events):
Event: 2.132 Thread 0x00000000171b9000 Uncommon trap: reason=unstable_if action=reinterpret pc=0x00000000033a9630 method=com.android.dx.rop.code.RegisterSpec.equals(ILcom/android/dx/rop/type/TypeBearer;Lcom/android/dx/rop/code/LocalItem;)Z @ 16
Event: 2.132 Thread 0x00000000171b9000 Uncommon trap: reason=class_check action=maybe_recompile pc=0x0000000003488fbc method=com.android.dx.rop.type.Type.equals(Ljava/lang/Object;)Z @ 8
Event: 2.132 Thread 0x00000000171b9000 Uncommon trap: reason=class_check action=maybe_recompile pc=0x0000000003488fbc method=com.android.dx.rop.type.Type.equals(Ljava/lang/Object;)Z @ 8
Event: 2.132 Thread 0x00000000171b9000 Uncommon trap: reason=class_check action=maybe_recompile pc=0x0000000003488fbc method=com.android.dx.rop.type.Type.equals(Ljava/lang/Object;)Z @ 8
Event: 2.153 Thread 0x00000000171b9000 Uncommon trap: reason=unstable_if action=reinterpret pc=0x000000000348016c method=com.android.dx.rop.code.RegisterSpecSet.put(Lcom/android/dx/rop/code/RegisterSpec;)V @ 77
Event: 2.153 Thread 0x00000000171b9000 Uncommon trap: reason=unstable_if action=reinterpret pc=0x00000000034c1960 method=com.android.dx.rop.code.RegisterSpecSet.put(Lcom/android/dx/rop/code/RegisterSpec;)V @ 77
Event: 2.426 Thread 0x00000000171ba000 Uncommon trap: reason=null_check action=make_not_entrant pc=0x0000000003406ac0 method=com.android.dx.ssa.SsaRenamer.getLocalForNewReg(I)Lcom/android/dx/rop/code/LocalItem; @ 19
Event: 2.491 Thread 0x00000000171b9000 Uncommon trap: reason=class_check action=maybe_recompile pc=0x0000000003336170 method=com.android.dx.ssa.NormalSsaInsn.accept(Lcom/android/dx/ssa/SsaInsn$Visitor;)V @ 9
Event: 2.555 Thread 0x00000000171ba000 Uncommon trap: reason=unstable_if action=reinterpret pc=0x00000000036182d8 method=com.android.dx.ssa.SsaRenamer$BlockRenamer.process()V @ 90
Event: 2.575 Thread 0x00000000171ba000 Uncommon trap: reason=unstable_if action=reinterpret pc=0x000000000343505c method=com.android.dx.rop.cst.Constant.compareTo(Lcom/android/dx/rop/cst/Constant;)I @ 12

Internal exceptions (3 events):
Event: 0.219 Thread 0x0000000002e8e000 Exception <a 'java/lang/NoSuchMethodError': Method sun.misc.Unsafe.defineClass(Ljava/lang/String;[BII)Ljava/lang/Class; name or signature does not match> (0x00000000eab07cc0) thrown at [C:\re\workspace\8-2-build-windows-amd64-cygwin\jdk8u101\7261\hotspot\s™*š¹CÌ?
Event: 0.219 Thread 0x0000000002e8e000 Exception <a 'java/lang/NoSuchMethodError': Method sun.misc.Unsafe.prefetchRead(Ljava/lang/Object;J)V name or signature does not match> (0x00000000eab07fa8) thrown at [C:\re\workspace\8-2-build-windows-amd64-cygwin\jdk8u101\7261\hotspot\src\share\vm\prims\ˆÏ¡@h@
Event: 2.426 Thread 0x00000000171ba000 Implicit null exception at 0x0000000003405e2a to 0x0000000003406a75

Events (10 events):
Event: 2.491 Thread 0x00000000171b9000 DEOPT PACKING pc=0x0000000003336170 sp=0x00000000179eea00
Event: 2.491 Thread 0x00000000171b9000 DEOPT UNPACKING pc=0x000000000312582a sp=0x00000000179ee990 mode 2
Event: 2.555 Thread 0x00000000171ba000 Uncommon trap: trap_request=0xffffff65 fr.pc=0x00000000036182d8
Event: 2.555 Thread 0x00000000171ba000 DEOPT PACKING pc=0x00000000036182d8 sp=0x0000000017aee860
Event: 2.555 Thread 0x00000000171ba000 DEOPT UNPACKING pc=0x000000000312582a sp=0x0000000017aee840 mode 2
Event: 2.575 Thread 0x00000000171ba000 Uncommon trap: trap_request=0xffffff65 fr.pc=0x000000000343505c
Event: 2.575 Thread 0x00000000171ba000 DEOPT PACKING pc=0x000000000343505c sp=0x0000000017aee400
Event: 2.575 Thread 0x00000000171ba000 DEOPT UNPACKING pc=0x000000000312582a sp=0x0000000017aee3a0 mode 2
Event: 2.621 Executing VM operation: ParallelGCFailedAllocation
Event: 2.638 Executing VM operation: ParallelGCFailedAllocation done


Dynamic libraries:
0x00007ff6a6a80000 - 0x00007ff6a6ab7000 	C:\Program Files\Java\jdk1.8.0_101\bin\java.exe
0x00007ffa077e0000 - 0x00007ffa079b1000 	C:\WINDOWS\SYSTEM32\ntdll.dll
0x00007ffa04f00000 - 0x00007ffa04fab000 	C:\WINDOWS\System32\KERNEL32.DLL
0x00007ffa03e80000 - 0x00007ffa0409d000 	C:\WINDOWS\System32\KERNELBASE.dll
0x00007ffa050e0000 - 0x00007ffa05182000 	C:\WINDOWS\System32\ADVAPI32.dll
0x00007ffa07170000 - 0x00007ffa0720e000 	C:\WINDOWS\System32\msvcrt.dll
0x00007ffa05080000 - 0x00007ffa050d9000 	C:\WINDOWS\System32\sechost.dll
0x00007ffa04dd0000 - 0x00007ffa04ef1000 	C:\WINDOWS\System32\RPCRT4.dll
0x00007ffa05610000 - 0x00007ffa05775000 	C:\WINDOWS\System32\USER32.dll
0x00007ffa040a0000 - 0x00007ffa040be000 	C:\WINDOWS\System32\win32u.dll
0x00007ffa05190000 - 0x00007ffa051c4000 	C:\WINDOWS\System32\GDI32.dll
0x00007ffa04be0000 - 0x00007ffa04d62000 	C:\WINDOWS\System32\gdi32full.dll
0x00007ff9f8f80000 - 0x00007ff9f91fa000 	C:\WINDOWS\WinSxS\amd64_microsoft.windows.common-controls_6595b64144ccf1df_6.0.14393.351_none_4213128bc687e6d3\COMCTL32.dll
0x00007ffa06e90000 - 0x00007ffa07157000 	C:\WINDOWS\System32\combase.dll
0x00007ffa04360000 - 0x00007ffa04455000 	C:\WINDOWS\System32\ucrtbase.dll
0x00007ffa042f0000 - 0x00007ffa0435a000 	C:\WINDOWS\System32\bcryptPrimitives.dll
0x00007ffa057f0000 - 0x00007ffa0581e000 	C:\WINDOWS\System32\IMM32.DLL
0x0000000066ce0000 - 0x0000000066db2000 	C:\Program Files\Java\jdk1.8.0_101\jre\bin\msvcr100.dll
0x0000000066440000 - 0x0000000066cda000 	C:\Program Files\Java\jdk1.8.0_101\jre\bin\server\jvm.dll
0x00007ffa07160000 - 0x00007ffa07168000 	C:\WINDOWS\System32\PSAPI.DLL
0x00007ff9e8ed0000 - 0x00007ff9e8ed9000 	C:\WINDOWS\SYSTEM32\WSOCK32.dll
0x00007ffa07510000 - 0x00007ffa0757a000 	C:\WINDOWS\System32\WS2_32.dll
0x00007ffa02040000 - 0x00007ffa02063000 	C:\WINDOWS\SYSTEM32\WINMM.dll
0x00007ffa02cf0000 - 0x00007ffa02cfa000 	C:\WINDOWS\SYSTEM32\VERSION.dll
0x00007ffa02010000 - 0x00007ffa0203b000 	C:\WINDOWS\SYSTEM32\WINMMBASE.dll
0x00007ffa03cd0000 - 0x00007ffa03d12000 	C:\WINDOWS\System32\cfgmgr32.dll
0x0000000066430000 - 0x000000006643f000 	C:\Program Files\Java\jdk1.8.0_101\jre\bin\verify.dll
0x0000000066400000 - 0x0000000066429000 	C:\Program Files\Java\jdk1.8.0_101\jre\bin\java.dll
0x00000000663e0000 - 0x00000000663f6000 	C:\Program Files\Java\jdk1.8.0_101\jre\bin\zip.dll
0x00007ffa05820000 - 0x00007ffa06d29000 	C:\WINDOWS\System32\SHELL32.dll
0x00007ffa04460000 - 0x00007ffa04b3a000 	C:\WINDOWS\System32\windows.storage.dll
0x00007ffa03c60000 - 0x00007ffa03cac000 	C:\WINDOWS\System32\powrprof.dll
0x00007ffa05780000 - 0x00007ffa057d2000 	C:\WINDOWS\System32\shlwapi.dll
0x00007ffa03c50000 - 0x00007ffa03c5f000 	C:\WINDOWS\System32\kernel.appcore.dll
0x00007ffa03d20000 - 0x00007ffa03dc9000 	C:\WINDOWS\System32\shcore.dll
0x00007ffa03cb0000 - 0x00007ffa03cc4000 	C:\WINDOWS\System32\profapi.dll

VM Arguments:
jvm_args: -Djava.awt.headless=true -Xmx1024M -Dfile.encoding=windows-1255 -Duser.country=US -Duser.language=en -Duser.variant 
java_command: com.android.dx.command.Main --dex --force-jumbo --num-threads=4 --multi-dex --output C:\Users\User\AndroidStudioProjects\Ex7Client\app\build\intermediates\transforms\dex\debug\folders\1000\10\com.android.support-support-compat-24.2.0_d064d13c2535264eacc171d43a57a66082a2abc3 C:\Users\User\AndroidStudioProjects\Ex7Client\app\build\intermediates\exploded-aar\com.android.support\support-compat\24.2.0\jars\classes.jar
java_class_path (initial): C:\Users\User\AppData\Local\Android\sdk\build-tools\24.0.2\lib\dx.jar
Launcher Type: SUN_STANDARD

Environment Variables:
JAVA_HOME=C:\Program Files\Java\jdk1.8.0_65
USERNAME=User
OS=Windows_NT
PROCESSOR_IDENTIFIER=Intel64 Family 6 Model 61 Stepping 4, GenuineIntel



---------------  S Y S T E M  ---------------

OS: Windows 10.0 , 64 bit Build 14393 (10.0.14393.0)

CPU:total 4 (2 cores per cpu, 2 threads per core) family 6 model 61 stepping 4, cmov, cx8, fxsr, mmx, sse, sse2, sse3, ssse3, sse4.1, sse4.2, popcnt, avx, avx2, aes, clmul, erms, 3dnowpref, lzcnt, ht, tsc, tscinvbit, bmi1, bmi2, adx

Memory: 4k page, physical 8277080k(1395492k free), swap 8277080k(5292k free)

vm_info: Java HotSpot(TM) 64-Bit Server VM (25.101-b13) for windows-amd64 JRE (1.8.0_101-b13), built on Jun 22 2016 01:21:29 by "java_re" with MS VC++ 10.0 (VS2010)

time: Fri Nov 04 12:27:25 2016
elapsed time: 2 seconds (0d 0h 0m 2s)

