#
# A fatal error has been detected by the Java Runtime Environment:
#
#  Internal Error (0xc06d007e), pid=4904, tid=0x0000000000002740
#
# JRE version:  (8.0_101-b13) (build )
# Java VM: Java HotSpot(TM) 64-Bit Server VM (25.101-b13 mixed mode windows-amd64 compressed oops)
# Problematic frame:
# C  [KERNELBASE.dll+0x17788]
#
# Failed to write core dump. Minidumps are not enabled by default on client versions of Windows
#
# If you would like to submit a bug report, please visit:
#   http://bugreport.java.com/bugreport/crash.jsp
# The crash happened outside the Java Virtual Machine in native code.
# See problematic frame for where to report the bug.
#

---------------  T H R E A D  ---------------

Current thread (0x00000000026ee000):  JavaThread "main" [_thread_in_native, id=10048, stack(0x00000000025d0000,0x00000000026d0000)]

siginfo: ExceptionCode=0xc06d007e, ExceptionInformation=0x00000000026cebd0 

Registers:
RAX=0x0000000000000080, RBX=0x0000000000000000, RCX=0x000000000000000f, RDX=0x0000000000000000
RSP=0x00000000026cead0, RBP=0x00000000026cec28, RSI=0x000000006641d87c, RDI=0x0000000000000000
R8 =0x00000000026ce690, R9 =0x0000000000000006, R10=0x00007ffa03000003, R11=0x0000000000000000
R12=0x0000000000000001, R13=0x0000000066425780, R14=0x0000000066425510, R15=0x000000006641d908
RIP=0x00007ffa03e97788, EFLAGS=0x0000000000000202

Top of Stack: (sp=0x00000000026cead0)
0x00000000026cead0:   0000000000000000 0000000000000000
0x00000000026ceae0:   000000006641d87c 0000000000000000
0x00000000026ceaf0:   00000000c06d007e 0000000000000000
0x00000000026ceb00:   00007ffa03e97788 00007ffa00000001
0x00000000026ceb10:   00000000026cebd0 00000000009ff9e0
0x00000000026ceb20:   0000000000000000 0000000000000000
0x00000000026ceb30:   0000000000000000 00007ffa03ea572f
0x00000000026ceb40:   005c003200000000 000000006641d87c
0x00000000026ceb50:   0000b3579d48f574 0000000000000000
0x00000000026ceb60:   0000000000000000 0000000000000000
0x00000000026ceb70:   000000006641cb40 00007ffa03eeb7e9
0x00000000026ceb80:   0000000000000000 0000000066d34e7e
0x00000000026ceb90:   0000c81de0c9aefa 0000000066d05695
0x00000000026ceba0:   0000000000000000 0000000066418877
0x00000000026cebb0:   0000000000000000 000000006641d87c
0x00000000026cebc0:   0000000000000001 0000000066d338a8 

Instructions: (pc=0x00007ffa03e97788)
0x00007ffa03e97768:   49 8b d1 44 0f 47 c0 44 89 44 24 38 49 c1 e0 03
0x00007ffa03e97778:   e8 57 54 06 00 48 8d 4c 24 20 ff 15 a0 08 13 00
0x00007ffa03e97788:   48 8b 8c 24 c0 00 00 00 48 33 cc e8 e8 19 06 00
0x00007ffa03e97798:   48 81 c4 d8 00 00 00 c3 83 64 24 38 00 eb d6 cc 


Register to memory mapping:

RAX=0x0000000000000080 is an unknown value
RBX=0x0000000000000000 is an unknown value
RCX=0x000000000000000f is an unknown value
RDX=0x0000000000000000 is an unknown value
RSP=0x00000000026cead0 is pointing into the stack for thread: 0x00000000026ee000
RBP=0x00000000026cec28 is pointing into the stack for thread: 0x00000000026ee000
RSI=0x000000006641d87c is an unknown value
RDI=0x0000000000000000 is an unknown value
R8 =0x00000000026ce690 is pointing into the stack for thread: 0x00000000026ee000
R9 =0x0000000000000006 is an unknown value
R10=0x00007ffa03000003 is an unknown value
R11=0x0000000000000000 is an unknown value
R12=0x0000000000000001 is an unknown value
R13=0x0000000066425780 is an unknown value
R14=0x0000000066425510 is an unknown value
R15=0x000000006641d908 is an unknown value


Stack: [0x00000000025d0000,0x00000000026d0000],  sp=0x00000000026cead0,  free space=1018k
Native frames: (J=compiled Java code, j=interpreted, Vv=VM code, C=native code)
C  [KERNELBASE.dll+0x17788]
C  [java.dll+0x18877]
C  [java.dll+0x186a3]
C  [java.dll+0xd256]
C  [java.dll+0xd98c]
C  [java.dll+0x66d8]
C  0x0000000002807f54

Java frames: (J=compiled Java code, j=interpreted, Vv=VM code)
j  java.lang.System.initProperties(Ljava/util/Properties;)Ljava/util/Properties;+0
j  java.lang.System.initializeSystemClass()V+13
v  ~StubRoutines::call_stub

---------------  P R O C E S S  ---------------

Java Threads: ( => current thread )
  0x00000000027e6800 JavaThread "Finalizer" daemon [_thread_blocked, id=11036, stack(0x0000000016110000,0x0000000016210000)]
  0x00000000027e1000 JavaThread "Reference Handler" daemon [_thread_blocked, id=8176, stack(0x0000000016010000,0x0000000016110000)]
=>0x00000000026ee000 JavaThread "main" [_thread_in_native, id=10048, stack(0x00000000025d0000,0x00000000026d0000)]

Other Threads:
  0x0000000014e88000 VMThread [stack: 0x0000000015f10000,0x0000000016010000] [id=4276]

VM state:not at safepoint (normal execution)

VM Mutex/Monitor currently owned by a thread: None

Heap:
 PSYoungGen      total 38400K, used 665K [0x00000000eab00000, 0x00000000ed580000, 0x0000000100000000)
  eden space 33280K, 2% used [0x00000000eab00000,0x00000000eaba6670,0x00000000ecb80000)
  from space 5120K, 0% used [0x00000000ed080000,0x00000000ed080000,0x00000000ed580000)
  to   space 5120K, 0% used [0x00000000ecb80000,0x00000000ecb80000,0x00000000ed080000)
 ParOldGen       total 87552K, used 0K [0x00000000c0000000, 0x00000000c5580000, 0x00000000eab00000)
  object space 87552K, 0% used [0x00000000c0000000,0x00000000c0000000,0x00000000c5580000)
 Metaspace       used 1097K, capacity 4480K, committed 4480K, reserved 1056768K
  class space    used 116K, capacity 384K, committed 384K, reserved 1048576K

Card table byte_map: [0x0000000011bb0000,0x0000000011dc0000] byte_map_base: 0x00000000115b0000

Marking Bits: (ParMarkBitMap*) 0x0000000066c5a6d0
 Begin Bits: [0x0000000012320000, 0x0000000013320000)
 End Bits:   [0x0000000013320000, 0x0000000014320000)

Polling page: 0x0000000000c70000

CodeCache: size=245760Kb used=405Kb max_used=405Kb free=245354Kb
 bounds [0x00000000027f0000, 0x0000000002a60000, 0x00000000117f0000]
 total_blobs=103 nmethods=0 adapters=77
 compilation: enabled

Compilation events (0 events):
No events

GC Heap History (0 events):
No events

Deoptimization events (0 events):
No events

Internal exceptions (2 events):
Event: 0.410 Thread 0x00000000026ee000 Exception <a 'java/lang/NoSuchMethodError': Method sun.misc.Unsafe.defineClass(Ljava/lang/String;[BII)Ljava/lang/Class; name or signature does not match> (0x00000000eab07cc0) thrown at [C:\re\workspace\8-2-build-windows-amd64-cygwin\jdk8u101\7261\hotspot\sHm¸â›DÚ?
Event: 0.410 Thread 0x00000000026ee000 Exception <a 'java/lang/NoSuchMethodError': Method sun.misc.Unsafe.prefetchRead(Ljava/lang/Object;J)V name or signature does not match> (0x00000000eab07fa8) thrown at [C:\re\workspace\8-2-build-windows-amd64-cygwin\jdk8u101\7261\hotspot\src\share\vm\prims\

Events (10 events):
Event: 0.411 loading class java/util/HashMap$Node done
Event: 0.411 loading class sun/misc/VM
Event: 0.412 loading class sun/misc/VM done
Event: 0.412 loading class java/util/Hashtable$Entry
Event: 0.412 loading class java/util/Hashtable$Entry done
Event: 0.412 loading class java/lang/Math
Event: 0.412 loading class java/lang/Math done
Event: 0.413 loading class java/lang/ref/Finalizer$FinalizerThread
Event: 0.413 loading class java/lang/ref/Finalizer$FinalizerThread done
Event: 0.413 Thread 0x00000000027e6800 Thread added: 0x00000000027e6800


Dynamic libraries:
0x00007ff6a6a80000 - 0x00007ff6a6ab7000 	C:\Program Files\Java\jdk1.8.0_101\bin\java.exe
0x00007ffa077e0000 - 0x00007ffa079b1000 	C:\WINDOWS\SYSTEM32\ntdll.dll
0x00007ffa04f00000 - 0x00007ffa04fab000 	C:\WINDOWS\System32\KERNEL32.DLL
0x00007ffa03e80000 - 0x00007ffa0409d000 	C:\WINDOWS\System32\KERNELBASE.dll
0x00007ffa050e0000 - 0x00007ffa05182000 	C:\WINDOWS\System32\ADVAPI32.dll
0x00007ffa07170000 - 0x00007ffa0720e000 	C:\WINDOWS\System32\msvcrt.dll
0x00007ffa05080000 - 0x00007ffa050d9000 	C:\WINDOWS\System32\sechost.dll
0x00007ffa04dd0000 - 0x00007ffa04ef1000 	C:\WINDOWS\System32\RPCRT4.dll
0x00007ffa05610000 - 0x00007ffa05775000 	C:\WINDOWS\System32\USER32.dll
0x00007ffa040a0000 - 0x00007ffa040be000 	C:\WINDOWS\System32\win32u.dll
0x00007ffa05190000 - 0x00007ffa051c4000 	C:\WINDOWS\System32\GDI32.dll
0x00007ffa04be0000 - 0x00007ffa04d62000 	C:\WINDOWS\System32\gdi32full.dll
0x00007ff9f8f80000 - 0x00007ff9f91fa000 	C:\WINDOWS\WinSxS\amd64_microsoft.windows.common-controls_6595b64144ccf1df_6.0.14393.351_none_4213128bc687e6d3\COMCTL32.dll
0x00007ffa06e90000 - 0x00007ffa07157000 	C:\WINDOWS\System32\combase.dll
0x00007ffa04360000 - 0x00007ffa04455000 	C:\WINDOWS\System32\ucrtbase.dll
0x00007ffa042f0000 - 0x00007ffa0435a000 	C:\WINDOWS\System32\bcryptPrimitives.dll
0x00007ffa057f0000 - 0x00007ffa0581e000 	C:\WINDOWS\System32\IMM32.DLL
0x0000000066ce0000 - 0x0000000066db2000 	C:\Program Files\Java\jdk1.8.0_101\jre\bin\msvcr100.dll
0x0000000066440000 - 0x0000000066cda000 	C:\Program Files\Java\jdk1.8.0_101\jre\bin\server\jvm.dll
0x00007ffa07160000 - 0x00007ffa07168000 	C:\WINDOWS\System32\PSAPI.DLL
0x00007ff9e8ed0000 - 0x00007ff9e8ed9000 	C:\WINDOWS\SYSTEM32\WSOCK32.dll
0x00007ffa07510000 - 0x00007ffa0757a000 	C:\WINDOWS\System32\WS2_32.dll
0x00007ffa02040000 - 0x00007ffa02063000 	C:\WINDOWS\SYSTEM32\WINMM.dll
0x00007ffa02cf0000 - 0x00007ffa02cfa000 	C:\WINDOWS\SYSTEM32\VERSION.dll
0x00007ffa02010000 - 0x00007ffa0203b000 	C:\WINDOWS\SYSTEM32\WINMMBASE.dll
0x00007ffa03cd0000 - 0x00007ffa03d12000 	C:\WINDOWS\System32\cfgmgr32.dll
0x0000000066430000 - 0x000000006643f000 	C:\Program Files\Java\jdk1.8.0_101\jre\bin\verify.dll
0x0000000066400000 - 0x0000000066429000 	C:\Program Files\Java\jdk1.8.0_101\jre\bin\java.dll
0x00000000663e0000 - 0x00000000663f6000 	C:\Program Files\Java\jdk1.8.0_101\jre\bin\zip.dll
0x00007ff9f5870000 - 0x00007ff9f5a02000 	C:\WINDOWS\SYSTEM32\dbghelp.dll

VM Arguments:
jvm_args: -Djava.awt.headless=true -Xmx1024M -Dfile.encoding=windows-1255 -Duser.country=US -Duser.language=en -Duser.variant 
java_command: com.android.dx.command.Main --dex --force-jumbo --num-threads=4 --multi-dex --output C:\Users\User\AndroidStudioProjects\Ex7Client\app\build\intermediates\transforms\dex\debug\folders\1000\10\instant-run_b8740130fe731164d56de78f9394bebe351d1045 C:\Users\User\AndroidStudioProjects\Ex7Client\app\build\intermediates\incremental-runtime-classes\debug\instant-run.jar
java_class_path (initial): C:\Users\User\AppData\Local\Android\sdk\build-tools\24.0.2\lib\dx.jar
Launcher Type: SUN_STANDARD

Environment Variables:
JAVA_HOME=C:\Program Files\Java\jdk1.8.0_65
USERNAME=User
OS=Windows_NT
PROCESSOR_IDENTIFIER=Intel64 Family 6 Model 61 Stepping 4, GenuineIntel



---------------  S Y S T E M  ---------------

OS: Windows 10.0 , 64 bit Build 14393 (10.0.14393.0)

CPU:total 4 (2 cores per cpu, 2 threads per core) family 6 model 61 stepping 4, cmov, cx8, fxsr, mmx, sse, sse2, sse3, ssse3, sse4.1, sse4.2, popcnt, avx, avx2, aes, clmul, erms, 3dnowpref, lzcnt, ht, tsc, tscinvbit, bmi1, bmi2, adx

Memory: 4k page, physical 8277080k(1466688k free), swap 8277080k(218608k free)

vm_info: Java HotSpot(TM) 64-Bit Server VM (25.101-b13) for windows-amd64 JRE (1.8.0_101-b13), built on Jun 22 2016 01:21:29 by "java_re" with MS VC++ 10.0 (VS2010)

time: Fri Nov 04 12:27:26 2016
elapsed time: 0 seconds (0d 0h 0m 0s)

